Traceback (most recent call last):
  File "/opt/hostedtoolcache/Python/3.10.8/x64/lib/python3.10/site-packages/jupyter_cache/executors/utils.py", line 51, in single_nb_execution
    executenb(
  File "/opt/hostedtoolcache/Python/3.10.8/x64/lib/python3.10/site-packages/nbclient/client.py", line 1204, in execute
    return NotebookClient(nb=nb, resources=resources, km=km, **kwargs).execute()
  File "/opt/hostedtoolcache/Python/3.10.8/x64/lib/python3.10/site-packages/nbclient/util.py", line 84, in wrapped
    return just_run(coro(*args, **kwargs))
  File "/opt/hostedtoolcache/Python/3.10.8/x64/lib/python3.10/site-packages/nbclient/util.py", line 62, in just_run
    return loop.run_until_complete(coro)
  File "/opt/hostedtoolcache/Python/3.10.8/x64/lib/python3.10/asyncio/base_events.py", line 649, in run_until_complete
    return future.result()
  File "/opt/hostedtoolcache/Python/3.10.8/x64/lib/python3.10/site-packages/nbclient/client.py", line 663, in async_execute
    await self.async_execute_cell(
  File "/opt/hostedtoolcache/Python/3.10.8/x64/lib/python3.10/site-packages/nbclient/client.py", line 965, in async_execute_cell
    await self._check_raise_for_error(cell, cell_index, exec_reply)
  File "/opt/hostedtoolcache/Python/3.10.8/x64/lib/python3.10/site-packages/nbclient/client.py", line 862, in _check_raise_for_error
    raise CellExecutionError.from_cell_and_msg(cell, exec_reply_content)
nbclient.exceptions.CellExecutionError: An error occurred while executing the following cell:
------------------
import pathlib
import pandas
import json
data = pathlib.Path('..','..','cvedata','data', 'researcher_cve_map.json')
df = pandas.read_json(data)
df.head()
------------------

[0;31m---------------------------------------------------------------------------[0m
[0;31mValueError[0m                                Traceback (most recent call last)
Cell [0;32mIn [1], line 5[0m
[1;32m      3[0m [38;5;28;01mimport[39;00m [38;5;21;01mjson[39;00m
[1;32m      4[0m data [38;5;241m=[39m pathlib[38;5;241m.[39mPath([38;5;124m'[39m[38;5;124m..[39m[38;5;124m'[39m,[38;5;124m'[39m[38;5;124m..[39m[38;5;124m'[39m,[38;5;124m'[39m[38;5;124mcvedata[39m[38;5;124m'[39m,[38;5;124m'[39m[38;5;124mdata[39m[38;5;124m'[39m, [38;5;124m'[39m[38;5;124mresearcher_cve_map.json[39m[38;5;124m'[39m)
[0;32m----> 5[0m df [38;5;241m=[39m [43mpandas[49m[38;5;241;43m.[39;49m[43mread_json[49m[43m([49m[43mdata[49m[43m)[49m
[1;32m      6[0m df[38;5;241m.[39mhead()

File [0;32m/opt/hostedtoolcache/Python/3.10.8/x64/lib/python3.10/site-packages/pandas/util/_decorators.py:211[0m, in [0;36mdeprecate_kwarg.<locals>._deprecate_kwarg.<locals>.wrapper[0;34m(*args, **kwargs)[0m
[1;32m    209[0m     [38;5;28;01melse[39;00m:
[1;32m    210[0m         kwargs[new_arg_name] [38;5;241m=[39m new_arg_value
[0;32m--> 211[0m [38;5;28;01mreturn[39;00m [43mfunc[49m[43m([49m[38;5;241;43m*[39;49m[43margs[49m[43m,[49m[43m [49m[38;5;241;43m*[39;49m[38;5;241;43m*[39;49m[43mkwargs[49m[43m)[49m

File [0;32m/opt/hostedtoolcache/Python/3.10.8/x64/lib/python3.10/site-packages/pandas/util/_decorators.py:331[0m, in [0;36mdeprecate_nonkeyword_arguments.<locals>.decorate.<locals>.wrapper[0;34m(*args, **kwargs)[0m
[1;32m    325[0m [38;5;28;01mif[39;00m [38;5;28mlen[39m(args) [38;5;241m>[39m num_allow_args:
[1;32m    326[0m     warnings[38;5;241m.[39mwarn(
[1;32m    327[0m         msg[38;5;241m.[39mformat(arguments[38;5;241m=[39m_format_argument_list(allow_args)),
[1;32m    328[0m         [38;5;167;01mFutureWarning[39;00m,
[1;32m    329[0m         stacklevel[38;5;241m=[39mfind_stack_level(),
[1;32m    330[0m     )
[0;32m--> 331[0m [38;5;28;01mreturn[39;00m [43mfunc[49m[43m([49m[38;5;241;43m*[39;49m[43margs[49m[43m,[49m[43m [49m[38;5;241;43m*[39;49m[38;5;241;43m*[39;49m[43mkwargs[49m[43m)[49m

File [0;32m/opt/hostedtoolcache/Python/3.10.8/x64/lib/python3.10/site-packages/pandas/io/json/_json.py:757[0m, in [0;36mread_json[0;34m(path_or_buf, orient, typ, dtype, convert_axes, convert_dates, keep_default_dates, numpy, precise_float, date_unit, encoding, encoding_errors, lines, chunksize, compression, nrows, storage_options)[0m
[1;32m    754[0m     [38;5;28;01mreturn[39;00m json_reader
[1;32m    756[0m [38;5;28;01mwith[39;00m json_reader:
[0;32m--> 757[0m     [38;5;28;01mreturn[39;00m [43mjson_reader[49m[38;5;241;43m.[39;49m[43mread[49m[43m([49m[43m)[49m

File [0;32m/opt/hostedtoolcache/Python/3.10.8/x64/lib/python3.10/site-packages/pandas/io/json/_json.py:915[0m, in [0;36mJsonReader.read[0;34m(self)[0m
[1;32m    913[0m         obj [38;5;241m=[39m [38;5;28mself[39m[38;5;241m.[39m_get_object_parser([38;5;28mself[39m[38;5;241m.[39m_combine_lines(data_lines))
[1;32m    914[0m [38;5;28;01melse[39;00m:
[0;32m--> 915[0m     obj [38;5;241m=[39m [38;5;28;43mself[39;49m[38;5;241;43m.[39;49m[43m_get_object_parser[49m[43m([49m[38;5;28;43mself[39;49m[38;5;241;43m.[39;49m[43mdata[49m[43m)[49m
[1;32m    916[0m [38;5;28mself[39m[38;5;241m.[39mclose()
[1;32m    917[0m [38;5;28;01mreturn[39;00m obj

File [0;32m/opt/hostedtoolcache/Python/3.10.8/x64/lib/python3.10/site-packages/pandas/io/json/_json.py:937[0m, in [0;36mJsonReader._get_object_parser[0;34m(self, json)[0m
[1;32m    935[0m obj [38;5;241m=[39m [38;5;28;01mNone[39;00m
[1;32m    936[0m [38;5;28;01mif[39;00m typ [38;5;241m==[39m [38;5;124m"[39m[38;5;124mframe[39m[38;5;124m"[39m:
[0;32m--> 937[0m     obj [38;5;241m=[39m [43mFrameParser[49m[43m([49m[43mjson[49m[43m,[49m[43m [49m[38;5;241;43m*[39;49m[38;5;241;43m*[39;49m[43mkwargs[49m[43m)[49m[38;5;241;43m.[39;49m[43mparse[49m[43m([49m[43m)[49m
[1;32m    939[0m [38;5;28;01mif[39;00m typ [38;5;241m==[39m [38;5;124m"[39m[38;5;124mseries[39m[38;5;124m"[39m [38;5;129;01mor[39;00m obj [38;5;129;01mis[39;00m [38;5;28;01mNone[39;00m:
[1;32m    940[0m     [38;5;28;01mif[39;00m [38;5;129;01mnot[39;00m [38;5;28misinstance[39m(dtype, [38;5;28mbool[39m):

File [0;32m/opt/hostedtoolcache/Python/3.10.8/x64/lib/python3.10/site-packages/pandas/io/json/_json.py:1064[0m, in [0;36mParser.parse[0;34m(self)[0m
[1;32m   1062[0m     [38;5;28mself[39m[38;5;241m.[39m_parse_numpy()
[1;32m   1063[0m [38;5;28;01melse[39;00m:
[0;32m-> 1064[0m     [38;5;28;43mself[39;49m[38;5;241;43m.[39;49m[43m_parse_no_numpy[49m[43m([49m[43m)[49m
[1;32m   1066[0m [38;5;28;01mif[39;00m [38;5;28mself[39m[38;5;241m.[39mobj [38;5;129;01mis[39;00m [38;5;28;01mNone[39;00m:
[1;32m   1067[0m     [38;5;28;01mreturn[39;00m [38;5;28;01mNone[39;00m

File [0;32m/opt/hostedtoolcache/Python/3.10.8/x64/lib/python3.10/site-packages/pandas/io/json/_json.py:1320[0m, in [0;36mFrameParser._parse_no_numpy[0;34m(self)[0m
[1;32m   1317[0m orient [38;5;241m=[39m [38;5;28mself[39m[38;5;241m.[39morient
[1;32m   1319[0m [38;5;28;01mif[39;00m orient [38;5;241m==[39m [38;5;124m"[39m[38;5;124mcolumns[39m[38;5;124m"[39m:
[0;32m-> 1320[0m     [38;5;28mself[39m[38;5;241m.[39mobj [38;5;241m=[39m [43mDataFrame[49m[43m([49m
[1;32m   1321[0m [43m        [49m[43mloads[49m[43m([49m[43mjson[49m[43m,[49m[43m [49m[43mprecise_float[49m[38;5;241;43m=[39;49m[38;5;28;43mself[39;49m[38;5;241;43m.[39;49m[43mprecise_float[49m[43m)[49m[43m,[49m[43m [49m[43mdtype[49m[38;5;241;43m=[39;49m[38;5;28;43;01mNone[39;49;00m
[1;32m   1322[0m [43m    [49m[43m)[49m
[1;32m   1323[0m [38;5;28;01melif[39;00m orient [38;5;241m==[39m [38;5;124m"[39m[38;5;124msplit[39m[38;5;124m"[39m:
[1;32m   1324[0m     decoded [38;5;241m=[39m {
[1;32m   1325[0m         [38;5;28mstr[39m(k): v
[1;32m   1326[0m         [38;5;28;01mfor[39;00m k, v [38;5;129;01min[39;00m loads(json, precise_float[38;5;241m=[39m[38;5;28mself[39m[38;5;241m.[39mprecise_float)[38;5;241m.[39mitems()
[1;32m   1327[0m     }

File [0;32m/opt/hostedtoolcache/Python/3.10.8/x64/lib/python3.10/site-packages/pandas/core/frame.py:662[0m, in [0;36mDataFrame.__init__[0;34m(self, data, index, columns, dtype, copy)[0m
[1;32m    656[0m     mgr [38;5;241m=[39m [38;5;28mself[39m[38;5;241m.[39m_init_mgr(
[1;32m    657[0m         data, axes[38;5;241m=[39m{[38;5;124m"[39m[38;5;124mindex[39m[38;5;124m"[39m: index, [38;5;124m"[39m[38;5;124mcolumns[39m[38;5;124m"[39m: columns}, dtype[38;5;241m=[39mdtype, copy[38;5;241m=[39mcopy
[1;32m    658[0m     )
[1;32m    660[0m [38;5;28;01melif[39;00m [38;5;28misinstance[39m(data, [38;5;28mdict[39m):
[1;32m    661[0m     [38;5;66;03m# GH#38939 de facto copy defaults to False only in non-dict cases[39;00m
[0;32m--> 662[0m     mgr [38;5;241m=[39m [43mdict_to_mgr[49m[43m([49m[43mdata[49m[43m,[49m[43m [49m[43mindex[49m[43m,[49m[43m [49m[43mcolumns[49m[43m,[49m[43m [49m[43mdtype[49m[38;5;241;43m=[39;49m[43mdtype[49m[43m,[49m[43m [49m[43mcopy[49m[38;5;241;43m=[39;49m[43mcopy[49m[43m,[49m[43m [49m[43mtyp[49m[38;5;241;43m=[39;49m[43mmanager[49m[43m)[49m
[1;32m    663[0m [38;5;28;01melif[39;00m [38;5;28misinstance[39m(data, ma[38;5;241m.[39mMaskedArray):
[1;32m    664[0m     [38;5;28;01mimport[39;00m [38;5;21;01mnumpy[39;00m[38;5;21;01m.[39;00m[38;5;21;01mma[39;00m[38;5;21;01m.[39;00m[38;5;21;01mmrecords[39;00m [38;5;28;01mas[39;00m [38;5;21;01mmrecords[39;00m

File [0;32m/opt/hostedtoolcache/Python/3.10.8/x64/lib/python3.10/site-packages/pandas/core/internals/construction.py:493[0m, in [0;36mdict_to_mgr[0;34m(data, index, columns, dtype, typ, copy)[0m
[1;32m    489[0m     [38;5;28;01melse[39;00m:
[1;32m    490[0m         [38;5;66;03m# dtype check to exclude e.g. range objects, scalars[39;00m
[1;32m    491[0m         arrays [38;5;241m=[39m [x[38;5;241m.[39mcopy() [38;5;28;01mif[39;00m [38;5;28mhasattr[39m(x, [38;5;124m"[39m[38;5;124mdtype[39m[38;5;124m"[39m) [38;5;28;01melse[39;00m x [38;5;28;01mfor[39;00m x [38;5;129;01min[39;00m arrays]
[0;32m--> 493[0m [38;5;28;01mreturn[39;00m [43marrays_to_mgr[49m[43m([49m[43marrays[49m[43m,[49m[43m [49m[43mcolumns[49m[43m,[49m[43m [49m[43mindex[49m[43m,[49m[43m [49m[43mdtype[49m[38;5;241;43m=[39;49m[43mdtype[49m[43m,[49m[43m [49m[43mtyp[49m[38;5;241;43m=[39;49m[43mtyp[49m[43m,[49m[43m [49m[43mconsolidate[49m[38;5;241;43m=[39;49m[43mcopy[49m[43m)[49m

File [0;32m/opt/hostedtoolcache/Python/3.10.8/x64/lib/python3.10/site-packages/pandas/core/internals/construction.py:118[0m, in [0;36marrays_to_mgr[0;34m(arrays, columns, index, dtype, verify_integrity, typ, consolidate)[0m
[1;32m    115[0m [38;5;28;01mif[39;00m verify_integrity:
[1;32m    116[0m     [38;5;66;03m# figure out the index, if necessary[39;00m
[1;32m    117[0m     [38;5;28;01mif[39;00m index [38;5;129;01mis[39;00m [38;5;28;01mNone[39;00m:
[0;32m--> 118[0m         index [38;5;241m=[39m [43m_extract_index[49m[43m([49m[43marrays[49m[43m)[49m
[1;32m    119[0m     [38;5;28;01melse[39;00m:
[1;32m    120[0m         index [38;5;241m=[39m ensure_index(index)

File [0;32m/opt/hostedtoolcache/Python/3.10.8/x64/lib/python3.10/site-packages/pandas/core/internals/construction.py:666[0m, in [0;36m_extract_index[0;34m(data)[0m
[1;32m    664[0m lengths [38;5;241m=[39m [38;5;28mlist[39m([38;5;28mset[39m(raw_lengths))
[1;32m    665[0m [38;5;28;01mif[39;00m [38;5;28mlen[39m(lengths) [38;5;241m>[39m [38;5;241m1[39m:
[0;32m--> 666[0m     [38;5;28;01mraise[39;00m [38;5;167;01mValueError[39;00m([38;5;124m"[39m[38;5;124mAll arrays must be of the same length[39m[38;5;124m"[39m)
[1;32m    668[0m [38;5;28;01mif[39;00m have_dicts:
[1;32m    669[0m     [38;5;28;01mraise[39;00m [38;5;167;01mValueError[39;00m(
[1;32m    670[0m         [38;5;124m"[39m[38;5;124mMixing dicts with non-Series may lead to ambiguous ordering.[39m[38;5;124m"[39m
[1;32m    671[0m     )

[0;31mValueError[0m: All arrays must be of the same length
ValueError: All arrays must be of the same length

